number,value,datetime_start,datetime_complete,duration,params_colsample_bynode,params_colsample_bytree,params_gamma,params_grow_policy,params_learning_rate,params_max_delta_step,params_max_depth,params_max_leaves,params_min_child_weight,params_reg_alpha,params_reg_lambda,params_scale_pos_weight,params_subsample,user_attrs_best_iterations,user_attrs_fold_auc,user_attrs_fold_auc_std,system_attrs_fixed_params,system_attrs_tpe:relative_params:0,state
56,0.945256980640503,2026-09-15 23:17:25.954122,2026-09-15 23:25:31.645554,0 days 00:08:05.691432,0.6967378469384935,0.613657158395692,0.07470487615849863,depthwise,0.014249772181816861,4,4.0,,9.372694690164327,0.0006331369034924697,2.5770500438168,1.3985021707931118,0.7616801654804972,"[2651, 2863, 2769]","[0.9450172562544468, 0.9451533675127423, 0.9456003181543199]",0.00024905428451668947,,"{""colsample_bynode"": 0.6967378469384935, ""colsample_bytree"": 0.613657158395692, ""gamma"": 0.07470487615849863, ""grow_policy"": ""depthwise"", ""learning_rate"": 0.014249772181816861, ""max_delta_step"": 4, ""min_child_weight"": 9.372694690164327, ""reg_alpha"": 0.0006331369034924697, ""reg_lambda"": 2.5770500438168, ""scale_pos_weight"": 1.3985021707931118, ""subsample"": 0.7616801654804972, ""max_depth"": 4, ""max_leaves"": 143}",COMPLETE
57,0.9452555221536385,2026-09-15 23:25:31.708800,2026-09-15 23:34:41.355387,0 days 00:09:09.646587,0.6813760710036211,0.6064006378221531,0.03180995699644629,depthwise,0.01425894872973828,4,4.0,,5.842602173503045,0.0030802712557259112,7.664695351884031,1.3559020921246263,0.7978325143787299,"[2867, 3118, 3327]","[0.9450268061290759, 0.9451625970028324, 0.9455771633290074]",0.00023409339250021093,,"{""colsample_bynode"": 0.6813760710036211, ""colsample_bytree"": 0.6064006378221531, ""gamma"": 0.03180995699644629, ""grow_policy"": ""depthwise"", ""learning_rate"": 0.01425894872973828, ""max_delta_step"": 4, ""min_child_weight"": 5.842602173503045, ""reg_alpha"": 0.0030802712557259112, ""reg_lambda"": 7.664695351884031, ""scale_pos_weight"": 1.3559020921246263, ""subsample"": 0.7978325143787299, ""max_depth"": 4, ""max_leaves"": 159}",COMPLETE
58,0.9452583499359712,2026-09-15 23:34:41.419536,2026-09-15 23:44:07.488038,0 days 00:09:26.068502,0.7627766739404169,0.6057170947005853,0.00509042267012095,depthwise,0.013382565215818565,4,4.0,,7.3923771811391505,0.0019210395804550992,4.023587627795838,1.57104155724989,0.7563873507905203,"[2801, 3324, 3445]","[0.9450352843091289, 0.9451606512291676, 0.9455791142696172]",0.00023251743227049903,,"{""colsample_bynode"": 0.7627766739404169, ""colsample_bytree"": 0.6057170947005853, ""gamma"": 0.00509042267012095, ""grow_policy"": ""depthwise"", ""learning_rate"": 0.013382565215818565, ""max_delta_step"": 4, ""min_child_weight"": 7.3923771811391505, ""reg_alpha"": 0.0019210395804550992, ""reg_lambda"": 4.023587627795838, ""scale_pos_weight"": 1.57104155724989, ""subsample"": 0.7563873507905203, ""max_depth"": 4, ""max_leaves"": 156}",COMPLETE
59,0.9450467517527841,2026-09-15 23:44:07.550560,2026-09-15 23:47:54.978838,0 days 00:03:47.428278,0.8325975121820546,0.5551879603720359,0.020956753544621384,depthwise,0.016581609911374265,4,5.0,,7.687930175904884,0.0007067972112466738,5.553960994864355,1.575075092967487,0.7377171223843977,,,,,"{""colsample_bynode"": 0.8325975121820546, ""colsample_bytree"": 0.5551879603720359, ""gamma"": 0.020956753544621384, ""grow_policy"": ""depthwise"", ""learning_rate"": 0.016581609911374265, ""max_delta_step"": 4, ""min_child_weight"": 7.687930175904884, ""reg_alpha"": 0.0007067972112466738, ""reg_lambda"": 5.553960994864355, ""scale_pos_weight"": 1.575075092967487, ""subsample"": 0.7377171223843977, ""max_depth"": 5, ""max_leaves"": 154}",PRUNED
