number,value,datetime_start,datetime_complete,duration,params_colsample_bynode,params_colsample_bytree,params_gamma,params_grow_policy,params_learning_rate,params_max_delta_step,params_max_depth,params_max_leaves,params_min_child_weight,params_reg_alpha,params_reg_lambda,params_scale_pos_weight,params_subsample,user_attrs_best_iterations,user_attrs_fold_auc,user_attrs_fold_auc_std,system_attrs_fixed_params,system_attrs_tpe:relative_params:0,state
30,0.9452349786563383,2026-09-15 19:51:18.130886,2026-09-15 19:57:43.578589,0 days 00:06:25.447703,0.7444749457873766,0.5823921294421521,0.0974564677184135,depthwise,0.02726066549642807,4,3.0,,14.509528286731724,0.006196278551024413,10.444355405471248,1.468352142333131,0.8260621268041125,"[2104, 2602, 2607]","[0.9449973762467424, 0.9451224953665812, 0.9455850643556915]",0.0002527629933435252,,"{""colsample_bynode"": 0.7444749457873766, ""colsample_bytree"": 0.5823921294421521, ""gamma"": 0.0974564677184135, ""grow_policy"": ""depthwise"", ""learning_rate"": 0.02726066549642807, ""max_delta_step"": 4, ""min_child_weight"": 14.509528286731724, ""reg_alpha"": 0.006196278551024413, ""reg_lambda"": 10.444355405471248, ""scale_pos_weight"": 1.468352142333131, ""subsample"": 0.8260621268041125, ""max_depth"": 3, ""max_leaves"": 137}",COMPLETE
31,0.9452146462548082,2026-09-15 19:57:43.641157,2026-09-15 20:01:50.689128,0 days 00:04:07.047971,0.7606724159150258,0.6341843950008231,0.21396544137299903,depthwise,0.03093336817618346,4,4.0,,22.64875288008192,0.006785071360629969,2.636297133108206,1.0131258195422304,0.7946110483788671,"[1135, 1361, 1355]","[0.9449738706730352, 0.945125363439896, 0.9455447046514937]",0.00024144208901195004,,"{""colsample_bynode"": 0.7606724159150258, ""colsample_bytree"": 0.6341843950008231, ""gamma"": 0.21396544137299903, ""grow_policy"": ""depthwise"", ""learning_rate"": 0.03093336817618346, ""max_delta_step"": 4, ""min_child_weight"": 22.64875288008192, ""reg_alpha"": 0.006785071360629969, ""reg_lambda"": 2.636297133108206, ""scale_pos_weight"": 1.0131258195422304, ""subsample"": 0.7946110483788671, ""max_depth"": 4, ""max_leaves"": 152}",COMPLETE
32,0.9452151700738337,2026-09-15 20:01:50.751436,2026-09-15 20:07:48.005845,0 days 00:05:57.254409,0.7753334241292033,0.687911027112214,0.07437475051777302,depthwise,0.024317227112110918,4,4.0,,5.210838620965524,0.00012554472117229826,6.801781592276591,1.3622258774567495,0.7912054059650099,"[1469, 1942, 1898]","[0.9449844460202191, 0.9451250199078893, 0.9455360442933927]",0.00023403767938354628,,"{""colsample_bynode"": 0.7753334241292033, ""colsample_bytree"": 0.687911027112214, ""gamma"": 0.07437475051777302, ""grow_policy"": ""depthwise"", ""learning_rate"": 0.024317227112110918, ""max_delta_step"": 4, ""min_child_weight"": 5.210838620965524, ""reg_alpha"": 0.00012554472117229826, ""reg_lambda"": 6.801781592276591, ""scale_pos_weight"": 1.3622258774567495, ""subsample"": 0.7912054059650099, ""max_depth"": 4, ""max_leaves"": 128}",COMPLETE
33,0.9450406648106985,2026-09-15 20:07:48.074245,2026-09-15 20:13:07.913901,0 days 00:05:19.839656,0.8051895091051264,0.6375630466208584,0.02735220597262336,depthwise,0.020267982281624634,4,3.0,,8.346421522049786,0.003588903054862859,1.5366491578760824,1.54259990126323,0.7598226102457732,,,,,"{""colsample_bynode"": 0.8051895091051264, ""colsample_bytree"": 0.6375630466208584, ""gamma"": 0.02735220597262336, ""grow_policy"": ""depthwise"", ""learning_rate"": 0.020267982281624634, ""max_delta_step"": 4, ""min_child_weight"": 8.346421522049786, ""reg_alpha"": 0.003588903054862859, ""reg_lambda"": 1.5366491578760824, ""scale_pos_weight"": 1.54259990126323, ""subsample"": 0.7598226102457732, ""max_depth"": 3, ""max_leaves"": 112}",PRUNED
34,0.945215157795554,2026-09-15 20:13:07.991288,2026-09-15 20:20:00.590902,0 days 00:06:52.599614,0.832160184847119,0.6466944243423622,0.014832810550267857,depthwise,0.0253749434892685,4,5.0,,6.059080607462119,0.005907420523557507,3.13373329156259,1.2479208485278168,0.8290337274170809,"[846, 1038, 954]","[0.9449723281701633, 0.9451259121135765, 0.945547233102922]",0.000243039796797804,,"{""colsample_bynode"": 0.832160184847119, ""colsample_bytree"": 0.6466944243423622, ""gamma"": 0.014832810550267857, ""grow_policy"": ""depthwise"", ""learning_rate"": 0.0253749434892685, ""max_delta_step"": 4, ""min_child_weight"": 6.059080607462119, ""reg_alpha"": 0.005907420523557507, ""reg_lambda"": 3.13373329156259, ""scale_pos_weight"": 1.2479208485278168, ""subsample"": 0.8290337274170809, ""max_depth"": 5, ""max_leaves"": 152}",COMPLETE
35,0.9452645611176731,2026-09-15 20:20:00.712180,2026-09-15 20:28:14.976957,0 days 00:08:14.264777,0.7584304517087243,0.5978292900605948,0.0038802152798652722,depthwise,0.017180137641360983,4,4.0,,7.894647994722616,0.021064243806393965,2.7372394749792672,1.477805915528636,0.7822299348914639,"[1830, 2571, 2691]","[0.9450567952140849, 0.9451538275803018, 0.9455830605586326]",0.0002286704184950527,,"{""colsample_bynode"": 0.7584304517087243, ""colsample_bytree"": 0.5978292900605948, ""gamma"": 0.0038802152798652722, ""grow_policy"": ""depthwise"", ""learning_rate"": 0.017180137641360983, ""max_delta_step"": 4, ""min_child_weight"": 7.894647994722616, ""reg_alpha"": 0.021064243806393965, ""reg_lambda"": 2.7372394749792672, ""scale_pos_weight"": 1.477805915528636, ""subsample"": 0.7822299348914639, ""max_depth"": 4, ""max_leaves"": 132}",COMPLETE
36,0.9449309614667938,2026-09-15 20:28:15.045998,2026-09-15 20:30:22.784432,0 days 00:02:07.738434,0.7406216752183911,0.6518262662830637,0.01589412623382975,depthwise,0.02743887710100398,4,7.0,,6.7153345338263,0.0035903462792160946,5.0500930956855745,1.3340332246872186,0.7685990454310414,,,,,"{""colsample_bynode"": 0.7406216752183911, ""colsample_bytree"": 0.6518262662830637, ""gamma"": 0.01589412623382975, ""grow_policy"": ""depthwise"", ""learning_rate"": 0.02743887710100398, ""max_delta_step"": 4, ""min_child_weight"": 6.7153345338263, ""reg_alpha"": 0.0035903462792160946, ""reg_lambda"": 5.0500930956855745, ""scale_pos_weight"": 1.3340332246872186, ""subsample"": 0.7685990454310414, ""max_depth"": 7, ""max_leaves"": 155}",PRUNED
37,0.9450467507684011,2026-09-15 20:30:22.846140,2026-09-15 20:34:25.118772,0 days 00:04:02.272632,0.7367024268696756,0.6215412681019397,0.007857680363132679,depthwise,0.023202877253939113,4,5.0,,10.769039169077184,0.05060765181416938,4.206152534415104,1.3234116912948466,0.7668255752514815,,,,,"{""colsample_bynode"": 0.7367024268696756, ""colsample_bytree"": 0.6215412681019397, ""gamma"": 0.007857680363132679, ""grow_policy"": ""depthwise"", ""learning_rate"": 0.023202877253939113, ""max_delta_step"": 4, ""min_child_weight"": 10.769039169077184, ""reg_alpha"": 0.05060765181416938, ""reg_lambda"": 4.206152534415104, ""scale_pos_weight"": 1.3234116912948466, ""subsample"": 0.7668255752514815, ""max_depth"": 5, ""max_leaves"": 140}",PRUNED
38,0.9452363971676849,2026-09-15 20:34:25.288225,2026-09-15 20:55:30.559908,0 days 00:21:05.271683,0.7434359807803853,0.5690548346391778,0.16618010427316218,depthwise,0.02438450460865045,4,3.0,,16.25349904765361,0.0010123374723360076,2.3345232406805807,1.367333619509801,0.8709317863048984,"[2674, 2866, 3079]","[0.9449866447780472, 0.9451528619202095, 0.9455696848047979]",0.0002452448047379522,,"{""colsample_bynode"": 0.7434359807803853, ""colsample_bytree"": 0.5690548346391778, ""gamma"": 0.16618010427316218, ""grow_policy"": ""depthwise"", ""learning_rate"": 0.02438450460865045, ""max_delta_step"": 4, ""min_child_weight"": 16.25349904765361, ""reg_alpha"": 0.0010123374723360076, ""reg_lambda"": 2.3345232406805807, ""scale_pos_weight"": 1.367333619509801, ""subsample"": 0.8709317863048984, ""max_depth"": 3, ""max_leaves"": 150}",COMPLETE
39,0.9452205253424397,2026-09-15 20:55:30.694796,2026-09-15 21:10:44.462639,0 days 00:15:13.767843,0.7952307426443618,0.6743391545180261,0.01785756254677102,depthwise,0.024498009013788923,4,5.0,,2.5912844157731594,0.00047236620920831267,6.685861466316181,1.772887325014049,0.7465592204300884,"[914, 1308, 1239]","[0.9449642995027617, 0.9451453821391753, 0.9455518943853822]",0.00024569874815592245,,"{""colsample_bynode"": 0.7952307426443618, ""colsample_bytree"": 0.6743391545180261, ""gamma"": 0.01785756254677102, ""grow_policy"": ""depthwise"", ""learning_rate"": 0.024498009013788923, ""max_delta_step"": 4, ""min_child_weight"": 2.5912844157731594, ""reg_alpha"": 0.00047236620920831267, ""reg_lambda"": 6.685861466316181, ""scale_pos_weight"": 1.772887325014049, ""subsample"": 0.7465592204300884, ""max_depth"": 5, ""max_leaves"": 154}",COMPLETE
40,0.9452330273754943,2026-09-15 21:10:44.528706,2026-09-15 21:30:45.255762,0 days 00:20:00.727056,0.7266391036967814,0.6409502658999876,0.0016104415807148024,depthwise,0.027386758253789122,3,4.0,,9.812820640732859,0.005961915763533403,2.9502116114810297,1.3945756698745275,0.7599732199600698,"[1274, 1375, 1799]","[0.9449691593084559, 0.9451650347534323, 0.9455648880645949]",0.0002479118596247341,,"{""colsample_bynode"": 0.7266391036967814, ""colsample_bytree"": 0.6409502658999876, ""gamma"": 0.0016104415807148024, ""grow_policy"": ""depthwise"", ""learning_rate"": 0.027386758253789122, ""max_delta_step"": 3, ""min_child_weight"": 9.812820640732859, ""reg_alpha"": 0.005961915763533403, ""reg_lambda"": 2.9502116114810297, ""scale_pos_weight"": 1.3945756698745275, ""subsample"": 0.7599732199600698, ""max_depth"": 4, ""max_leaves"": 155}",COMPLETE
41,0.9452607167517028,2026-09-15 21:30:45.323163,2026-09-15 21:38:01.458686,0 days 00:07:16.135523,0.7710377137362229,0.5880180080369845,0.014697452134360802,depthwise,0.01642080887830887,4,4.0,,6.506710513310302,0.0014764691050710263,3.542183413907693,1.3519864752544382,0.7604128046074292,"[2140, 2428, 2420]","[0.9450291608687719, 0.9451591316586265, 0.9455938577277098]",0.00024146812622656915,,"{""colsample_bynode"": 0.7710377137362229, ""colsample_bytree"": 0.5880180080369845, ""gamma"": 0.014697452134360802, ""grow_policy"": ""depthwise"", ""learning_rate"": 0.01642080887830887, ""max_delta_step"": 4, ""min_child_weight"": 6.506710513310302, ""reg_alpha"": 0.0014764691050710263, ""reg_lambda"": 3.542183413907693, ""scale_pos_weight"": 1.3519864752544382, ""subsample"": 0.7604128046074292, ""max_depth"": 4, ""max_leaves"": 139}",COMPLETE
42,0.9452587226458397,2026-09-15 21:38:01.520830,2026-09-15 21:45:44.115584,0 days 00:07:42.594754,0.7532453203370103,0.6673516556251688,0.008997475041018466,depthwise,0.01570233755357877,4,4.0,,7.337061197535474,0.0008856806546030537,5.746700168122905,1.5066392004851352,0.7257640595114759,"[2235, 2674, 2911]","[0.9450172388688223, 0.9451694183475203, 0.9455895107211766]",0.0002420126877156085,,"{""colsample_bynode"": 0.7532453203370103, ""colsample_bytree"": 0.6673516556251688, ""gamma"": 0.008997475041018466, ""grow_policy"": ""depthwise"", ""learning_rate"": 0.01570233755357877, ""max_delta_step"": 4, ""min_child_weight"": 7.337061197535474, ""reg_alpha"": 0.0008856806546030537, ""reg_lambda"": 5.746700168122905, ""scale_pos_weight"": 1.5066392004851352, ""subsample"": 0.7257640595114759, ""max_depth"": 4, ""max_leaves"": 157}",COMPLETE
43,0.9452468208041211,2026-09-15 21:45:44.178576,2026-09-15 21:54:32.104998,0 days 00:08:47.926422,0.8100416324938656,0.6029587313312279,0.010543267649288621,depthwise,0.014096716724180301,4,4.0,,8.839867125251002,0.0007462022551887734,4.660181046597143,1.6180537280986627,0.7315979772946678,"[2493, 3334, 3161]","[0.9450192333281079, 0.945140826918731, 0.9455804021655245]",0.00024104445485837326,,"{""colsample_bynode"": 0.8100416324938656, ""colsample_bytree"": 0.6029587313312279, ""gamma"": 0.010543267649288621, ""grow_policy"": ""depthwise"", ""learning_rate"": 0.014096716724180301, ""max_delta_step"": 4, ""min_child_weight"": 8.839867125251002, ""reg_alpha"": 0.0007462022551887734, ""reg_lambda"": 4.660181046597143, ""scale_pos_weight"": 1.6180537280986627, ""subsample"": 0.7315979772946678, ""max_depth"": 4, ""max_leaves"": 144}",COMPLETE
44,0.9452088569384713,2026-09-15 21:54:32.167500,2026-09-15 21:59:50.849964,0 days 00:05:18.682464,0.8117335823733763,0.5596322279004271,0.004814033137742403,depthwise,0.017378017053395457,4,5.0,,6.057553300539306,0.00024619906127853867,3.330722076654953,1.6697252905215316,0.7142282757622955,,,,,"{""colsample_bynode"": 0.8117335823733763, ""colsample_bytree"": 0.5596322279004271, ""gamma"": 0.004814033137742403, ""grow_policy"": ""depthwise"", ""learning_rate"": 0.017378017053395457, ""max_delta_step"": 4, ""min_child_weight"": 6.057553300539306, ""reg_alpha"": 0.00024619906127853867, ""reg_lambda"": 3.330722076654953, ""scale_pos_weight"": 1.6697252905215316, ""subsample"": 0.7142282757622955, ""max_depth"": 5, ""max_leaves"": 140}",PRUNED
45,0.945047464319791,2026-09-15 21:59:50.913443,2026-09-15 22:02:56.398962,0 days 00:03:05.485519,0.7991408607162372,0.6502996926536053,0.0015091608371254374,depthwise,0.017786027367941666,4,6.0,,6.6164220803396185,0.0009315299481918564,3.6009985072228217,1.5124079506686832,0.7598374154973021,,,,,"{""colsample_bynode"": 0.7991408607162372, ""colsample_bytree"": 0.6502996926536053, ""gamma"": 0.0015091608371254374, ""grow_policy"": ""depthwise"", ""learning_rate"": 0.017786027367941666, ""max_delta_step"": 4, ""min_child_weight"": 6.6164220803396185, ""reg_alpha"": 0.0009315299481918564, ""reg_lambda"": 3.6009985072228217, ""scale_pos_weight"": 1.5124079506686832, ""subsample"": 0.7598374154973021, ""max_depth"": 6, ""max_leaves"": 143}",PRUNED
46,0.9452532811682492,2026-09-15 22:02:56.468393,2026-09-15 22:11:13.335003,0 days 00:08:16.866610,0.785739763165399,0.6132045267518771,0.012884692574093203,depthwise,0.01404704917320292,4,4.0,,7.8040421959812285,0.00023293623231166914,4.740621699032272,1.9584650134802777,0.7694426428989123,"[2427, 3170, 2815]","[0.945026529844273, 0.9451674840249223, 0.9455658296355525]",0.00022837385806436685,,"{""colsample_bynode"": 0.785739763165399, ""colsample_bytree"": 0.6132045267518771, ""gamma"": 0.012884692574093203, ""grow_policy"": ""depthwise"", ""learning_rate"": 0.01404704917320292, ""max_delta_step"": 4, ""min_child_weight"": 7.8040421959812285, ""reg_alpha"": 0.00023293623231166914, ""reg_lambda"": 4.740621699032272, ""scale_pos_weight"": 1.9584650134802777, ""subsample"": 0.7694426428989123, ""max_depth"": 4, ""max_leaves"": 146}",COMPLETE
47,0.9452169487318827,2026-09-15 22:11:13.399210,2026-09-15 22:18:31.988693,0 days 00:07:18.589483,0.8400047284957305,0.6388672904800574,0.01235200779048586,depthwise,0.014823224734361462,4,4.0,,11.08142677379473,0.0007001872342572796,4.275737364568579,1.5269141799380532,0.6851513287625363,,,,,"{""colsample_bynode"": 0.8400047284957305, ""colsample_bytree"": 0.6388672904800574, ""gamma"": 0.01235200779048586, ""grow_policy"": ""depthwise"", ""learning_rate"": 0.014823224734361462, ""max_delta_step"": 4, ""min_child_weight"": 11.08142677379473, ""reg_alpha"": 0.0007001872342572796, ""reg_lambda"": 4.275737364568579, ""scale_pos_weight"": 1.5269141799380532, ""subsample"": 0.6851513287625363, ""max_depth"": 4, ""max_leaves"": 142}",PRUNED
48,0.945223039626685,2026-09-15 22:18:32.051837,2026-09-15 22:25:50.769843,0 days 00:07:18.718006,0.8489098113465834,0.6875499129386186,0.019780343926705996,depthwise,0.013013893176400313,4,5.0,,6.372905286281618,0.0017649077746687018,4.304491261602152,1.4168435946754072,0.7254654278942502,"[1778, 2056, 2401]","[0.9450015330168843, 0.9451148914392244, 0.9455526944239461]",0.00023765064975972,,"{""colsample_bynode"": 0.8489098113465834, ""colsample_bytree"": 0.6875499129386186, ""gamma"": 0.019780343926705996, ""grow_policy"": ""depthwise"", ""learning_rate"": 0.013013893176400313, ""max_delta_step"": 4, ""min_child_weight"": 6.372905286281618, ""reg_alpha"": 0.0017649077746687018, ""reg_lambda"": 4.304491261602152, ""scale_pos_weight"": 1.4168435946754072, ""subsample"": 0.7254654278942502, ""max_depth"": 5, ""max_leaves"": 160}",COMPLETE
49,0.9452636365813257,2026-09-15 22:25:50.846876,2026-09-15 22:33:20.211764,0 days 00:07:29.364888,0.7716836761248512,0.603307990726846,0.01608346028137505,depthwise,0.016067349284426418,4,4.0,,7.650791397954196,0.004575867223932032,2.7827006782624784,1.611530208356584,0.762596732505873,"[2226, 2182, 2612]","[0.9450543508930394, 0.9451384420245804, 0.9455981168263573]",0.0002389917785730579,,"{""colsample_bynode"": 0.7716836761248512, ""colsample_bytree"": 0.603307990726846, ""gamma"": 0.01608346028137505, ""grow_policy"": ""depthwise"", ""learning_rate"": 0.016067349284426418, ""max_delta_step"": 4, ""min_child_weight"": 7.650791397954196, ""reg_alpha"": 0.004575867223932032, ""reg_lambda"": 2.7827006782624784, ""scale_pos_weight"": 1.611530208356584, ""subsample"": 0.762596732505873, ""max_depth"": 4, ""max_leaves"": 151}",COMPLETE
50,0.9452671228353416,2026-09-15 22:33:20.277083,2026-09-15 22:41:23.350957,0 days 00:08:03.073874,0.7661878820964553,0.5787250080114758,0.01618580400419477,depthwise,0.01458820909879117,4,4.0,,7.145819974277341,0.0005152502016929811,4.66322803269432,1.4793985096936029,0.8161122639088659,"[2713, 2867, 2682]","[0.9450505486080991, 0.9451651188908445, 0.9455857010070812]",0.00023007335939330718,,"{""colsample_bynode"": 0.7661878820964553, ""colsample_bytree"": 0.5787250080114758, ""gamma"": 0.01618580400419477, ""grow_policy"": ""depthwise"", ""learning_rate"": 0.01458820909879117, ""max_delta_step"": 4, ""min_child_weight"": 7.145819974277341, ""reg_alpha"": 0.0005152502016929811, ""reg_lambda"": 4.66322803269432, ""scale_pos_weight"": 1.4793985096936029, ""subsample"": 0.8161122639088659, ""max_depth"": 4, ""max_leaves"": 155}",COMPLETE
51,0.9452628650073133,2026-09-15 22:41:23.417155,2026-09-15 22:50:44.720874,0 days 00:09:21.303719,0.7482920056206172,0.6297555342149199,0.058023101082936936,depthwise,0.012630722775444605,4,4.0,,7.870113544420833,0.0004445189772862675,4.699892597468914,1.5157665081155962,0.777971007054164,"[2540, 3634, 3509]","[0.9450462197272573, 0.9451641375902707, 0.9455782377044115]",0.00022813900610624038,,"{""colsample_bynode"": 0.7482920056206172, ""colsample_bytree"": 0.6297555342149199, ""gamma"": 0.058023101082936936, ""grow_policy"": ""depthwise"", ""learning_rate"": 0.012630722775444605, ""max_delta_step"": 4, ""min_child_weight"": 7.870113544420833, ""reg_alpha"": 0.0004445189772862675, ""reg_lambda"": 4.699892597468914, ""scale_pos_weight"": 1.5157665081155962, ""subsample"": 0.777971007054164, ""max_depth"": 4, ""max_leaves"": 146}",COMPLETE
52,0.9452564641281477,2026-09-15 22:50:44.783303,2026-09-15 22:57:53.497501,0 days 00:07:08.714198,0.6993800735794975,0.5929708862385388,0.005885441504883122,depthwise,0.0173158374389976,4,4.0,,6.14493121400755,0.0006009579346723349,4.216355286091073,1.3378429373986331,0.7915936519349187,"[2354, 2311, 2633]","[0.9450258853891985, 0.945142440960574, 0.9456010660346703]",0.00024827290869656527,,"{""colsample_bynode"": 0.6993800735794975, ""colsample_bytree"": 0.5929708862385388, ""gamma"": 0.005885441504883122, ""grow_policy"": ""depthwise"", ""learning_rate"": 0.0173158374389976, ""max_delta_step"": 4, ""min_child_weight"": 6.14493121400755, ""reg_alpha"": 0.0006009579346723349, ""reg_lambda"": 4.216355286091073, ""scale_pos_weight"": 1.3378429373986331, ""subsample"": 0.7915936519349187, ""max_depth"": 4, ""max_leaves"": 132}",COMPLETE
53,0.9452600082598703,2026-09-15 22:57:53.559198,2026-09-15 23:05:55.122919,0 days 00:08:01.563721,0.7506769824708143,0.5939256450556628,0.033158791615912266,depthwise,0.014425903731692577,4,4.0,,13.176173970702866,0.0005184157597637374,2.6801097834837857,1.367136378501647,0.8049197020963431,"[2742, 2771, 2716]","[0.9450390961596534, 0.9451760605947293, 0.9455648680252281]",0.0002227022249843032,,"{""colsample_bynode"": 0.7506769824708143, ""colsample_bytree"": 0.5939256450556628, ""gamma"": 0.033158791615912266, ""grow_policy"": ""depthwise"", ""learning_rate"": 0.014425903731692577, ""max_delta_step"": 4, ""min_child_weight"": 13.176173970702866, ""reg_alpha"": 0.0005184157597637374, ""reg_lambda"": 2.6801097834837857, ""scale_pos_weight"": 1.367136378501647, ""subsample"": 0.8049197020963431, ""max_depth"": 4, ""max_leaves"": 141}",COMPLETE
54,0.9450492765921977,2026-09-15 23:05:55.184857,2026-09-15 23:10:07.503500,0 days 00:04:12.318643,0.7207456373417445,0.5918018412071919,0.05819073387218325,depthwise,0.014364647756802278,4,5.0,,6.952038652932326,0.0003277626621275943,5.039272594066763,1.4504035492710812,0.7166158344716577,,,,,"{""colsample_bynode"": 0.7207456373417445, ""colsample_bytree"": 0.5918018412071919, ""gamma"": 0.05819073387218325, ""grow_policy"": ""depthwise"", ""learning_rate"": 0.014364647756802278, ""max_delta_step"": 4, ""min_child_weight"": 6.952038652932326, ""reg_alpha"": 0.0003277626621275943, ""reg_lambda"": 5.039272594066763, ""scale_pos_weight"": 1.4504035492710812, ""subsample"": 0.7166158344716577, ""max_depth"": 5, ""max_leaves"": 156}",PRUNED
55,0.9452328785835284,2026-09-15 23:10:07.565994,2026-09-15 23:17:25.891611,0 days 00:07:18.325617,0.7153598870663609,0.6312584681170836,0.005141807441463428,depthwise,0.014373270567730587,4,4.0,,7.043101801686894,0.009029619208379249,2.095808439244614,1.7865887096632196,0.7512344771053616,"[2181, 2688, 2493]","[0.9450015318299139, 0.9451249856943357, 0.9455721182263357]",0.0002451161161561023,,"{""colsample_bynode"": 0.7153598870663609, ""colsample_bytree"": 0.6312584681170836, ""gamma"": 0.005141807441463428, ""grow_policy"": ""depthwise"", ""learning_rate"": 0.014373270567730587, ""max_delta_step"": 4, ""min_child_weight"": 7.043101801686894, ""reg_alpha"": 0.009029619208379249, ""reg_lambda"": 2.095808439244614, ""scale_pos_weight"": 1.7865887096632196, ""subsample"": 0.7512344771053616, ""max_depth"": 4, ""max_leaves"": 150}",COMPLETE
